2025-09-03 01:49:58,865 - INFO - 🚀 台股市場分析雲端自動化腳本啟動
2025-09-03 01:49:58,866 - INFO - ==================================================
2025-09-03 01:49:58,866 - INFO - 📝 生成每日分析報告...
2025-09-03 01:49:58,866 - INFO - 📱 發送 LINE 推播...
2025-09-03 01:49:58,866 - INFO - 📤 正在發送 LINE 推播...
2025-09-03 01:49:59,031 - INFO - ✅ LINE 推播發送成功！
2025-09-03 01:49:59,032 - INFO - 🎉 台股分析報告已成功發送到 LINE！
2025-09-03 01:49:59,032 - INFO - ==================================================
2025-09-03 21:46:30,439 - INFO - 🚀 台股市場分析雲端自動化腳本啟動
2025-09-03 21:46:30,439 - INFO - ==================================================
2025-09-03 21:46:30,439 - INFO - 📝 生成每日分析報告...
2025-09-03 21:46:30,643 - ERROR - ❌ FinMind API 登入請求失敗：HTTP 400
2025-09-03 21:46:30,645 - INFO - 📅 今日日期：2025-09-03，前一日：2025-09-02
2025-09-03 21:46:30,800 - ERROR - ❌ FinMind API 登入請求失敗：HTTP 400
2025-09-03 21:46:31,001 - ERROR - ❌ FinMind API 登入請求失敗：HTTP 400
2025-09-03 21:46:31,197 - ERROR - ❌ FinMind API 登入請求失敗：HTTP 400
2025-09-03 21:46:31,382 - ERROR - ❌ FinMind API 登入請求失敗：HTTP 400
2025-09-03 21:46:31,535 - ERROR - ❌ FinMind API 登入請求失敗：HTTP 400
2025-09-03 21:46:31,696 - ERROR - ❌ FinMind API 登入請求失敗：HTTP 400
2025-09-03 21:46:31,879 - ERROR - ❌ FinMind API 登入請求失敗：HTTP 400
2025-09-03 21:46:32,035 - ERROR - ❌ FinMind API 登入請求失敗：HTTP 400
2025-09-03 21:46:32,037 - ERROR - ❌ 生成報告異常：'NoneType' object is not subscriptable
2025-09-03 21:46:32,037 - ERROR - ❌ 無法生成報告
2025-09-03 21:51:33,511 - INFO - 🚀 台股市場分析雲端自動化腳本啟動
2025-09-03 21:51:33,511 - INFO - ==================================================
2025-09-03 21:51:33,511 - INFO - 📝 生成每日分析報告...
2025-09-03 21:51:33,511 - INFO - 📅 今日日期：2025-09-03，前一日：2025-09-02
2025-09-03 21:51:33,511 - INFO - 📱 發送 LINE 推播...
2025-09-03 21:51:33,511 - INFO - 📤 正在發送 LINE 推播...
2025-09-03 21:51:33,737 - INFO - ✅ LINE 推播發送成功！
2025-09-03 21:51:33,738 - INFO - 📤 正在發送 LINE 廣播推播...
2025-09-03 21:51:33,927 - INFO - ✅ LINE 廣播推播發送成功！
2025-09-03 21:51:33,928 - INFO - 🎉 台股分析報告已成功發送到所有 LINE 用戶！
2025-09-03 21:51:33,928 - INFO - ==================================================
